[2021-08-14 10:13:45] [31merror[39m:  mongoose connection disconnected 
[2021-08-14 10:52:43] [31merror[39m:  mongoose connection disconnected 
[2021-08-14 10:53:33] [31merror[39m:  mongoose connection disconnected 
[2021-08-14 13:23:54] [31merror[39m:  mongoose connection disconnected 
[2021-08-20 16:17:26] [31merror[39m:  mongoose connection disconnected 
[2021-08-20 16:21:27] [31merror[39m:  mongoose connection disconnected 
[2021-08-20 16:26:34] [31merror[39m:  mongoose connection disconnected 
[2021-08-20 16:27:21] [31merror[39m:  mongoose connection disconnected 
[2021-08-20 16:56:01] [31merror[39m:  mongoose connection disconnected 
[2021-08-20 17:03:58] [31merror[39m:  Vaccine validation failed: vaccineID: Path `vaccineID` is required., name: Path `name` is required., manufacturer: Path `manufacturer` is required. 
ValidationError: Vaccine validation failed: vaccineID: Path `vaccineID` is required., name: Path `name` is required., manufacturer: Path `manufacturer` is required.
    at model.Document.invalidate (C:\Users\Umar Khalid\Desktop\Backend\node_modules\mongoose\lib\document.js:2730:32)
    at C:\Users\Umar Khalid\Desktop\Backend\node_modules\mongoose\lib\document.js:2542:17
    at C:\Users\Umar Khalid\Desktop\Backend\node_modules\mongoose\lib\schematype.js:1273:9
    at processTicksAndRejections (internal/process/task_queues.js:79:11)
[2021-08-20 17:06:51] [31merror[39m:  Vaccine validation failed: vaccineID: Path `vaccineID` is required., name: Path `name` is required., manufacturer: Path `manufacturer` is required. 
ValidationError: Vaccine validation failed: vaccineID: Path `vaccineID` is required., name: Path `name` is required., manufacturer: Path `manufacturer` is required.
    at model.Document.invalidate (C:\Users\Umar Khalid\Desktop\Backend\node_modules\mongoose\lib\document.js:2730:32)
    at C:\Users\Umar Khalid\Desktop\Backend\node_modules\mongoose\lib\document.js:2542:17
    at C:\Users\Umar Khalid\Desktop\Backend\node_modules\mongoose\lib\schematype.js:1273:9
    at processTicksAndRejections (internal/process/task_queues.js:79:11)
[2021-08-20 17:07:16] [31merror[39m:  Vaccine validation failed: vaccineID: Path `vaccineID` is required., name: Path `name` is required., manufacturer: Path `manufacturer` is required. 
ValidationError: Vaccine validation failed: vaccineID: Path `vaccineID` is required., name: Path `name` is required., manufacturer: Path `manufacturer` is required.
    at model.Document.invalidate (C:\Users\Umar Khalid\Desktop\Backend\node_modules\mongoose\lib\document.js:2730:32)
    at C:\Users\Umar Khalid\Desktop\Backend\node_modules\mongoose\lib\document.js:2542:17
    at C:\Users\Umar Khalid\Desktop\Backend\node_modules\mongoose\lib\schematype.js:1273:9
    at processTicksAndRejections (internal/process/task_queues.js:79:11)
[2021-08-20 17:10:38] [31merror[39m:  Vaccine validation failed: vaccineID: Path `vaccineID` is required., name: Path `name` is required., manufacturer: Path `manufacturer` is required. 
ValidationError: Vaccine validation failed: vaccineID: Path `vaccineID` is required., name: Path `name` is required., manufacturer: Path `manufacturer` is required.
    at model.Document.invalidate (C:\Users\Umar Khalid\Desktop\Backend\node_modules\mongoose\lib\document.js:2730:32)
    at C:\Users\Umar Khalid\Desktop\Backend\node_modules\mongoose\lib\document.js:2542:17
    at C:\Users\Umar Khalid\Desktop\Backend\node_modules\mongoose\lib\schematype.js:1273:9
    at processTicksAndRejections (internal/process/task_queues.js:79:11)
[2021-08-20 17:12:47] [31merror[39m:  Vaccine validation failed: vaccineID: Path `vaccineID` is required., name: Path `name` is required., manufacturer: Path `manufacturer` is required. 
ValidationError: Vaccine validation failed: vaccineID: Path `vaccineID` is required., name: Path `name` is required., manufacturer: Path `manufacturer` is required.
    at model.Document.invalidate (C:\Users\Umar Khalid\Desktop\Backend\node_modules\mongoose\lib\document.js:2730:32)
    at C:\Users\Umar Khalid\Desktop\Backend\node_modules\mongoose\lib\document.js:2542:17
    at C:\Users\Umar Khalid\Desktop\Backend\node_modules\mongoose\lib\schematype.js:1273:9
    at processTicksAndRejections (internal/process/task_queues.js:79:11)
[2021-08-20 17:15:21] [31merror[39m:  mongoose connection disconnected 
[2021-08-20 17:15:39] [31merror[39m:  Vaccine validation failed: vaccineID: Path `vaccineID` is required., name: Path `name` is required., manufacturer: Path `manufacturer` is required. 
ValidationError: Vaccine validation failed: vaccineID: Path `vaccineID` is required., name: Path `name` is required., manufacturer: Path `manufacturer` is required.
    at model.Document.invalidate (C:\Users\Umar Khalid\Desktop\Backend\node_modules\mongoose\lib\document.js:2730:32)
    at C:\Users\Umar Khalid\Desktop\Backend\node_modules\mongoose\lib\document.js:2542:17
    at C:\Users\Umar Khalid\Desktop\Backend\node_modules\mongoose\lib\schematype.js:1273:9
    at processTicksAndRejections (internal/process/task_queues.js:79:11)
[2021-08-20 18:10:01] [31merror[39m:  mongoose connection disconnected 
[2021-08-20 18:44:27] [31merror[39m:  E11000 duplicate key error collection: CVS.useraccounts index: IDX_EMAIL dup key: { email: "umar123@gmail.com" } 
MongoError: E11000 duplicate key error collection: CVS.useraccounts index: IDX_EMAIL dup key: { email: "umar123@gmail.com" }
    at Function.create (C:\Users\Umar Khalid\Desktop\Backend\node_modules\mongodb\lib\core\error.js:57:12)
    at toError (C:\Users\Umar Khalid\Desktop\Backend\node_modules\mongodb\lib\utils.js:130:22)
    at C:\Users\Umar Khalid\Desktop\Backend\node_modules\mongodb\lib\operations\common_functions.js:258:39
    at handler (C:\Users\Umar Khalid\Desktop\Backend\node_modules\mongodb\lib\core\sdam\topology.js:943:24)
    at C:\Users\Umar Khalid\Desktop\Backend\node_modules\mongodb\lib\cmap\connection_pool.js:350:13
    at handleOperationResult (C:\Users\Umar Khalid\Desktop\Backend\node_modules\mongodb\lib\core\sdam\server.js:558:5)
    at MessageStream.messageHandler (C:\Users\Umar Khalid\Desktop\Backend\node_modules\mongodb\lib\cmap\connection.js:281:5)
    at MessageStream.emit (events.js:315:20)
    at processIncomingData (C:\Users\Umar Khalid\Desktop\Backend\node_modules\mongodb\lib\cmap\message_stream.js:144:12)
    at MessageStream._write (C:\Users\Umar Khalid\Desktop\Backend\node_modules\mongodb\lib\cmap\message_stream.js:42:5)
    at doWrite (_stream_writable.js:403:12)
    at writeOrBuffer (_stream_writable.js:387:5)
    at MessageStream.Writable.write (_stream_writable.js:318:11)
    at TLSSocket.ondata (_stream_readable.js:716:22)
    at TLSSocket.emit (events.js:315:20)
    at addChunk (_stream_readable.js:295:12)
[2021-08-20 21:02:51] [31merror[39m:  mongoose connection disconnected 
[2021-08-20 21:03:26] [31merror[39m:  mongoose connection disconnected 
[2021-08-20 21:03:31] [31merror[39m:  mongoose connection disconnected 
[2021-08-20 21:04:30] [31merror[39m:  mongoose connection disconnected 
[2021-08-20 21:05:31] [31merror[39m:  mongoose connection disconnected 
[2021-08-20 21:07:30] [31merror[39m:  mongoose connection disconnected 
[2021-08-20 21:08:36] [31merror[39m:  mongoose connection disconnected 
[2021-08-20 21:08:39] [31merror[39m:  mongoose connection disconnected 
[2021-08-20 21:09:21] [31merror[39m:  mongoose connection disconnected 
[2021-08-20 21:17:27] [31merror[39m:  mongoose connection disconnected 
[2021-08-21 08:18:31] [31merror[39m:  mongoose connection disconnected 
[2021-08-21 08:23:56] [31merror[39m:  mongoose connection disconnected 
[2021-08-21 09:11:56] [31merror[39m:  mongoose connection disconnected 
[2021-08-21 21:30:05] [31merror[39m:  mongoose connection disconnected 
[2021-08-21 21:30:35] [31merror[39m:  mongoose connection disconnected 
[2021-08-21 21:31:57] [31merror[39m:  mongoose connection disconnected 
[2021-08-21 21:32:52] [31merror[39m:  mongoose connection disconnected 
[2021-08-22 15:01:42] [31merror[39m:  mongoose connection disconnected 
[2021-08-22 15:03:09] [31merror[39m:  mongoose connection disconnected 
[2021-08-22 15:40:22] [31merror[39m:  mongoose connection disconnected 
[2021-08-22 19:27:16] [31merror[39m:  [object Object] 
[2021-08-22 19:39:15] [31merror[39m:  Not Found 
Error: Not Found
    at C:\Users\Umar Khalid\Desktop\Backend\app.js:119:14
    at Layer.handle [as handle_request] (C:\Users\Umar Khalid\Desktop\Backend\node_modules\express\lib\router\layer.js:95:5)
    at trim_prefix (C:\Users\Umar Khalid\Desktop\Backend\node_modules\express\lib\router\index.js:317:13)
    at C:\Users\Umar Khalid\Desktop\Backend\node_modules\express\lib\router\index.js:284:7
    at Function.process_params (C:\Users\Umar Khalid\Desktop\Backend\node_modules\express\lib\router\index.js:335:12)
    at next (C:\Users\Umar Khalid\Desktop\Backend\node_modules\express\lib\router\index.js:275:10)
    at SessionStrategy.strategy.pass (C:\Users\Umar Khalid\Desktop\Backend\node_modules\passport\lib\middleware\authenticate.js:343:9)
    at SessionStrategy.authenticate (C:\Users\Umar Khalid\Desktop\Backend\node_modules\passport\lib\strategies\session.js:75:10)
    at attempt (C:\Users\Umar Khalid\Desktop\Backend\node_modules\passport\lib\middleware\authenticate.js:366:16)
    at authenticate (C:\Users\Umar Khalid\Desktop\Backend\node_modules\passport\lib\middleware\authenticate.js:367:7)
    at Layer.handle [as handle_request] (C:\Users\Umar Khalid\Desktop\Backend\node_modules\express\lib\router\layer.js:95:5)
    at trim_prefix (C:\Users\Umar Khalid\Desktop\Backend\node_modules\express\lib\router\index.js:317:13)
    at C:\Users\Umar Khalid\Desktop\Backend\node_modules\express\lib\router\index.js:284:7
    at Function.process_params (C:\Users\Umar Khalid\Desktop\Backend\node_modules\express\lib\router\index.js:335:12)
    at next (C:\Users\Umar Khalid\Desktop\Backend\node_modules\express\lib\router\index.js:275:10)
    at initialize (C:\Users\Umar Khalid\Desktop\Backend\node_modules\passport\lib\middleware\initialize.js:53:5)
[2021-08-22 19:42:16] [31merror[39m:  Not Found 
Error: Not Found
    at C:\Users\Umar Khalid\Desktop\Backend\app.js:119:14
    at Layer.handle [as handle_request] (C:\Users\Umar Khalid\Desktop\Backend\node_modules\express\lib\router\layer.js:95:5)
    at trim_prefix (C:\Users\Umar Khalid\Desktop\Backend\node_modules\express\lib\router\index.js:317:13)
    at C:\Users\Umar Khalid\Desktop\Backend\node_modules\express\lib\router\index.js:284:7
    at Function.process_params (C:\Users\Umar Khalid\Desktop\Backend\node_modules\express\lib\router\index.js:335:12)
    at next (C:\Users\Umar Khalid\Desktop\Backend\node_modules\express\lib\router\index.js:275:10)
    at SessionStrategy.strategy.pass (C:\Users\Umar Khalid\Desktop\Backend\node_modules\passport\lib\middleware\authenticate.js:343:9)
    at SessionStrategy.authenticate (C:\Users\Umar Khalid\Desktop\Backend\node_modules\passport\lib\strategies\session.js:75:10)
    at attempt (C:\Users\Umar Khalid\Desktop\Backend\node_modules\passport\lib\middleware\authenticate.js:366:16)
    at authenticate (C:\Users\Umar Khalid\Desktop\Backend\node_modules\passport\lib\middleware\authenticate.js:367:7)
    at Layer.handle [as handle_request] (C:\Users\Umar Khalid\Desktop\Backend\node_modules\express\lib\router\layer.js:95:5)
    at trim_prefix (C:\Users\Umar Khalid\Desktop\Backend\node_modules\express\lib\router\index.js:317:13)
    at C:\Users\Umar Khalid\Desktop\Backend\node_modules\express\lib\router\index.js:284:7
    at Function.process_params (C:\Users\Umar Khalid\Desktop\Backend\node_modules\express\lib\router\index.js:335:12)
    at next (C:\Users\Umar Khalid\Desktop\Backend\node_modules\express\lib\router\index.js:275:10)
    at initialize (C:\Users\Umar Khalid\Desktop\Backend\node_modules\passport\lib\middleware\initialize.js:53:5)
[2021-08-22 19:42:51] [31merror[39m:  Not Found 
Error: Not Found
    at C:\Users\Umar Khalid\Desktop\Backend\app.js:119:14
    at Layer.handle [as handle_request] (C:\Users\Umar Khalid\Desktop\Backend\node_modules\express\lib\router\layer.js:95:5)
    at trim_prefix (C:\Users\Umar Khalid\Desktop\Backend\node_modules\express\lib\router\index.js:317:13)
    at C:\Users\Umar Khalid\Desktop\Backend\node_modules\express\lib\router\index.js:284:7
    at Function.process_params (C:\Users\Umar Khalid\Desktop\Backend\node_modules\express\lib\router\index.js:335:12)
    at next (C:\Users\Umar Khalid\Desktop\Backend\node_modules\express\lib\router\index.js:275:10)
    at SessionStrategy.strategy.pass (C:\Users\Umar Khalid\Desktop\Backend\node_modules\passport\lib\middleware\authenticate.js:343:9)
    at SessionStrategy.authenticate (C:\Users\Umar Khalid\Desktop\Backend\node_modules\passport\lib\strategies\session.js:75:10)
    at attempt (C:\Users\Umar Khalid\Desktop\Backend\node_modules\passport\lib\middleware\authenticate.js:366:16)
    at authenticate (C:\Users\Umar Khalid\Desktop\Backend\node_modules\passport\lib\middleware\authenticate.js:367:7)
    at Layer.handle [as handle_request] (C:\Users\Umar Khalid\Desktop\Backend\node_modules\express\lib\router\layer.js:95:5)
    at trim_prefix (C:\Users\Umar Khalid\Desktop\Backend\node_modules\express\lib\router\index.js:317:13)
    at C:\Users\Umar Khalid\Desktop\Backend\node_modules\express\lib\router\index.js:284:7
    at Function.process_params (C:\Users\Umar Khalid\Desktop\Backend\node_modules\express\lib\router\index.js:335:12)
    at next (C:\Users\Umar Khalid\Desktop\Backend\node_modules\express\lib\router\index.js:275:10)
    at initialize (C:\Users\Umar Khalid\Desktop\Backend\node_modules\passport\lib\middleware\initialize.js:53:5)
[2021-08-22 19:45:06] [31merror[39m:  Not Found 
Error: Not Found
    at C:\Users\Umar Khalid\Desktop\Backend\app.js:119:14
    at Layer.handle [as handle_request] (C:\Users\Umar Khalid\Desktop\Backend\node_modules\express\lib\router\layer.js:95:5)
    at trim_prefix (C:\Users\Umar Khalid\Desktop\Backend\node_modules\express\lib\router\index.js:317:13)
    at C:\Users\Umar Khalid\Desktop\Backend\node_modules\express\lib\router\index.js:284:7
    at Function.process_params (C:\Users\Umar Khalid\Desktop\Backend\node_modules\express\lib\router\index.js:335:12)
    at next (C:\Users\Umar Khalid\Desktop\Backend\node_modules\express\lib\router\index.js:275:10)
    at SessionStrategy.strategy.pass (C:\Users\Umar Khalid\Desktop\Backend\node_modules\passport\lib\middleware\authenticate.js:343:9)
    at SessionStrategy.authenticate (C:\Users\Umar Khalid\Desktop\Backend\node_modules\passport\lib\strategies\session.js:75:10)
    at attempt (C:\Users\Umar Khalid\Desktop\Backend\node_modules\passport\lib\middleware\authenticate.js:366:16)
    at authenticate (C:\Users\Umar Khalid\Desktop\Backend\node_modules\passport\lib\middleware\authenticate.js:367:7)
    at Layer.handle [as handle_request] (C:\Users\Umar Khalid\Desktop\Backend\node_modules\express\lib\router\layer.js:95:5)
    at trim_prefix (C:\Users\Umar Khalid\Desktop\Backend\node_modules\express\lib\router\index.js:317:13)
    at C:\Users\Umar Khalid\Desktop\Backend\node_modules\express\lib\router\index.js:284:7
    at Function.process_params (C:\Users\Umar Khalid\Desktop\Backend\node_modules\express\lib\router\index.js:335:12)
    at next (C:\Users\Umar Khalid\Desktop\Backend\node_modules\express\lib\router\index.js:275:10)
    at initialize (C:\Users\Umar Khalid\Desktop\Backend\node_modules\passport\lib\middleware\initialize.js:53:5)
[2021-08-22 19:59:37] [31merror[39m:  mongoose connection disconnected 
[2021-08-22 20:04:02] [31merror[39m:  Not Found 
Error: Not Found
    at C:\Users\Umar Khalid\Desktop\Backend\app.js:119:14
    at Layer.handle [as handle_request] (C:\Users\Umar Khalid\Desktop\Backend\node_modules\express\lib\router\layer.js:95:5)
    at trim_prefix (C:\Users\Umar Khalid\Desktop\Backend\node_modules\express\lib\router\index.js:317:13)
    at C:\Users\Umar Khalid\Desktop\Backend\node_modules\express\lib\router\index.js:284:7
    at Function.process_params (C:\Users\Umar Khalid\Desktop\Backend\node_modules\express\lib\router\index.js:335:12)
    at next (C:\Users\Umar Khalid\Desktop\Backend\node_modules\express\lib\router\index.js:275:10)
    at SessionStrategy.strategy.pass (C:\Users\Umar Khalid\Desktop\Backend\node_modules\passport\lib\middleware\authenticate.js:343:9)
    at SessionStrategy.authenticate (C:\Users\Umar Khalid\Desktop\Backend\node_modules\passport\lib\strategies\session.js:75:10)
    at attempt (C:\Users\Umar Khalid\Desktop\Backend\node_modules\passport\lib\middleware\authenticate.js:366:16)
    at authenticate (C:\Users\Umar Khalid\Desktop\Backend\node_modules\passport\lib\middleware\authenticate.js:367:7)
    at Layer.handle [as handle_request] (C:\Users\Umar Khalid\Desktop\Backend\node_modules\express\lib\router\layer.js:95:5)
    at trim_prefix (C:\Users\Umar Khalid\Desktop\Backend\node_modules\express\lib\router\index.js:317:13)
    at C:\Users\Umar Khalid\Desktop\Backend\node_modules\express\lib\router\index.js:284:7
    at Function.process_params (C:\Users\Umar Khalid\Desktop\Backend\node_modules\express\lib\router\index.js:335:12)
    at next (C:\Users\Umar Khalid\Desktop\Backend\node_modules\express\lib\router\index.js:275:10)
    at initialize (C:\Users\Umar Khalid\Desktop\Backend\node_modules\passport\lib\middleware\initialize.js:53:5)
[2021-08-22 20:12:32] [31merror[39m:  mongoose connection disconnected 
[2021-08-22 20:14:51] [31merror[39m:  mongoose connection disconnected 
[2021-08-22 20:16:49] [31merror[39m:  mongoose connection disconnected 
[2021-08-22 20:17:08] [31merror[39m:  mongoose connection disconnected 
[2021-08-22 20:26:15] [31merror[39m:  Not Found 
Error: Not Found
    at C:\Users\Umar Khalid\Desktop\Backend\app.js:119:14
    at Layer.handle [as handle_request] (C:\Users\Umar Khalid\Desktop\Backend\node_modules\express\lib\router\layer.js:95:5)
    at trim_prefix (C:\Users\Umar Khalid\Desktop\Backend\node_modules\express\lib\router\index.js:317:13)
    at C:\Users\Umar Khalid\Desktop\Backend\node_modules\express\lib\router\index.js:284:7
    at Function.process_params (C:\Users\Umar Khalid\Desktop\Backend\node_modules\express\lib\router\index.js:335:12)
    at next (C:\Users\Umar Khalid\Desktop\Backend\node_modules\express\lib\router\index.js:275:10)
    at SessionStrategy.strategy.pass (C:\Users\Umar Khalid\Desktop\Backend\node_modules\passport\lib\middleware\authenticate.js:343:9)
    at SessionStrategy.authenticate (C:\Users\Umar Khalid\Desktop\Backend\node_modules\passport\lib\strategies\session.js:75:10)
    at attempt (C:\Users\Umar Khalid\Desktop\Backend\node_modules\passport\lib\middleware\authenticate.js:366:16)
    at authenticate (C:\Users\Umar Khalid\Desktop\Backend\node_modules\passport\lib\middleware\authenticate.js:367:7)
    at Layer.handle [as handle_request] (C:\Users\Umar Khalid\Desktop\Backend\node_modules\express\lib\router\layer.js:95:5)
    at trim_prefix (C:\Users\Umar Khalid\Desktop\Backend\node_modules\express\lib\router\index.js:317:13)
    at C:\Users\Umar Khalid\Desktop\Backend\node_modules\express\lib\router\index.js:284:7
    at Function.process_params (C:\Users\Umar Khalid\Desktop\Backend\node_modules\express\lib\router\index.js:335:12)
    at next (C:\Users\Umar Khalid\Desktop\Backend\node_modules\express\lib\router\index.js:275:10)
    at initialize (C:\Users\Umar Khalid\Desktop\Backend\node_modules\passport\lib\middleware\initialize.js:53:5)
[2021-08-22 20:26:30] [31merror[39m:  Not Found 
Error: Not Found
    at C:\Users\Umar Khalid\Desktop\Backend\app.js:119:14
    at Layer.handle [as handle_request] (C:\Users\Umar Khalid\Desktop\Backend\node_modules\express\lib\router\layer.js:95:5)
    at trim_prefix (C:\Users\Umar Khalid\Desktop\Backend\node_modules\express\lib\router\index.js:317:13)
    at C:\Users\Umar Khalid\Desktop\Backend\node_modules\express\lib\router\index.js:284:7
    at Function.process_params (C:\Users\Umar Khalid\Desktop\Backend\node_modules\express\lib\router\index.js:335:12)
    at next (C:\Users\Umar Khalid\Desktop\Backend\node_modules\express\lib\router\index.js:275:10)
    at SessionStrategy.strategy.pass (C:\Users\Umar Khalid\Desktop\Backend\node_modules\passport\lib\middleware\authenticate.js:343:9)
    at SessionStrategy.authenticate (C:\Users\Umar Khalid\Desktop\Backend\node_modules\passport\lib\strategies\session.js:75:10)
    at attempt (C:\Users\Umar Khalid\Desktop\Backend\node_modules\passport\lib\middleware\authenticate.js:366:16)
    at authenticate (C:\Users\Umar Khalid\Desktop\Backend\node_modules\passport\lib\middleware\authenticate.js:367:7)
    at Layer.handle [as handle_request] (C:\Users\Umar Khalid\Desktop\Backend\node_modules\express\lib\router\layer.js:95:5)
    at trim_prefix (C:\Users\Umar Khalid\Desktop\Backend\node_modules\express\lib\router\index.js:317:13)
    at C:\Users\Umar Khalid\Desktop\Backend\node_modules\express\lib\router\index.js:284:7
    at Function.process_params (C:\Users\Umar Khalid\Desktop\Backend\node_modules\express\lib\router\index.js:335:12)
    at next (C:\Users\Umar Khalid\Desktop\Backend\node_modules\express\lib\router\index.js:275:10)
    at initialize (C:\Users\Umar Khalid\Desktop\Backend\node_modules\passport\lib\middleware\initialize.js:53:5)
[2021-08-22 20:42:33] [31merror[39m:  Not Found 
Error: Not Found
    at C:\Users\Umar Khalid\Desktop\Backend\app.js:119:14
    at Layer.handle [as handle_request] (C:\Users\Umar Khalid\Desktop\Backend\node_modules\express\lib\router\layer.js:95:5)
    at trim_prefix (C:\Users\Umar Khalid\Desktop\Backend\node_modules\express\lib\router\index.js:317:13)
    at C:\Users\Umar Khalid\Desktop\Backend\node_modules\express\lib\router\index.js:284:7
    at Function.process_params (C:\Users\Umar Khalid\Desktop\Backend\node_modules\express\lib\router\index.js:335:12)
    at next (C:\Users\Umar Khalid\Desktop\Backend\node_modules\express\lib\router\index.js:275:10)
    at SessionStrategy.strategy.pass (C:\Users\Umar Khalid\Desktop\Backend\node_modules\passport\lib\middleware\authenticate.js:343:9)
    at SessionStrategy.authenticate (C:\Users\Umar Khalid\Desktop\Backend\node_modules\passport\lib\strategies\session.js:75:10)
    at attempt (C:\Users\Umar Khalid\Desktop\Backend\node_modules\passport\lib\middleware\authenticate.js:366:16)
    at authenticate (C:\Users\Umar Khalid\Desktop\Backend\node_modules\passport\lib\middleware\authenticate.js:367:7)
    at Layer.handle [as handle_request] (C:\Users\Umar Khalid\Desktop\Backend\node_modules\express\lib\router\layer.js:95:5)
    at trim_prefix (C:\Users\Umar Khalid\Desktop\Backend\node_modules\express\lib\router\index.js:317:13)
    at C:\Users\Umar Khalid\Desktop\Backend\node_modules\express\lib\router\index.js:284:7
    at Function.process_params (C:\Users\Umar Khalid\Desktop\Backend\node_modules\express\lib\router\index.js:335:12)
    at next (C:\Users\Umar Khalid\Desktop\Backend\node_modules\express\lib\router\index.js:275:10)
    at initialize (C:\Users\Umar Khalid\Desktop\Backend\node_modules\passport\lib\middleware\initialize.js:53:5)
[2021-08-22 20:44:32] [31merror[39m:  Not Found 
Error: Not Found
    at C:\Users\Umar Khalid\Desktop\Backend\app.js:119:14
    at Layer.handle [as handle_request] (C:\Users\Umar Khalid\Desktop\Backend\node_modules\express\lib\router\layer.js:95:5)
    at trim_prefix (C:\Users\Umar Khalid\Desktop\Backend\node_modules\express\lib\router\index.js:317:13)
    at C:\Users\Umar Khalid\Desktop\Backend\node_modules\express\lib\router\index.js:284:7
    at Function.process_params (C:\Users\Umar Khalid\Desktop\Backend\node_modules\express\lib\router\index.js:335:12)
    at next (C:\Users\Umar Khalid\Desktop\Backend\node_modules\express\lib\router\index.js:275:10)
    at SessionStrategy.strategy.pass (C:\Users\Umar Khalid\Desktop\Backend\node_modules\passport\lib\middleware\authenticate.js:343:9)
    at SessionStrategy.authenticate (C:\Users\Umar Khalid\Desktop\Backend\node_modules\passport\lib\strategies\session.js:75:10)
    at attempt (C:\Users\Umar Khalid\Desktop\Backend\node_modules\passport\lib\middleware\authenticate.js:366:16)
    at authenticate (C:\Users\Umar Khalid\Desktop\Backend\node_modules\passport\lib\middleware\authenticate.js:367:7)
    at Layer.handle [as handle_request] (C:\Users\Umar Khalid\Desktop\Backend\node_modules\express\lib\router\layer.js:95:5)
    at trim_prefix (C:\Users\Umar Khalid\Desktop\Backend\node_modules\express\lib\router\index.js:317:13)
    at C:\Users\Umar Khalid\Desktop\Backend\node_modules\express\lib\router\index.js:284:7
    at Function.process_params (C:\Users\Umar Khalid\Desktop\Backend\node_modules\express\lib\router\index.js:335:12)
    at next (C:\Users\Umar Khalid\Desktop\Backend\node_modules\express\lib\router\index.js:275:10)
    at initialize (C:\Users\Umar Khalid\Desktop\Backend\node_modules\passport\lib\middleware\initialize.js:53:5)
[2021-08-22 20:45:45] [31merror[39m:  [object Object] 
[2021-08-22 20:49:49] [31merror[39m:  Not Found 
Error: Not Found
    at C:\Users\Umar Khalid\Desktop\Backend\app.js:119:14
    at Layer.handle [as handle_request] (C:\Users\Umar Khalid\Desktop\Backend\node_modules\express\lib\router\layer.js:95:5)
    at trim_prefix (C:\Users\Umar Khalid\Desktop\Backend\node_modules\express\lib\router\index.js:317:13)
    at C:\Users\Umar Khalid\Desktop\Backend\node_modules\express\lib\router\index.js:284:7
    at Function.process_params (C:\Users\Umar Khalid\Desktop\Backend\node_modules\express\lib\router\index.js:335:12)
    at next (C:\Users\Umar Khalid\Desktop\Backend\node_modules\express\lib\router\index.js:275:10)
    at SessionStrategy.strategy.pass (C:\Users\Umar Khalid\Desktop\Backend\node_modules\passport\lib\middleware\authenticate.js:343:9)
    at SessionStrategy.authenticate (C:\Users\Umar Khalid\Desktop\Backend\node_modules\passport\lib\strategies\session.js:75:10)
    at attempt (C:\Users\Umar Khalid\Desktop\Backend\node_modules\passport\lib\middleware\authenticate.js:366:16)
    at authenticate (C:\Users\Umar Khalid\Desktop\Backend\node_modules\passport\lib\middleware\authenticate.js:367:7)
    at Layer.handle [as handle_request] (C:\Users\Umar Khalid\Desktop\Backend\node_modules\express\lib\router\layer.js:95:5)
    at trim_prefix (C:\Users\Umar Khalid\Desktop\Backend\node_modules\express\lib\router\index.js:317:13)
    at C:\Users\Umar Khalid\Desktop\Backend\node_modules\express\lib\router\index.js:284:7
    at Function.process_params (C:\Users\Umar Khalid\Desktop\Backend\node_modules\express\lib\router\index.js:335:12)
    at next (C:\Users\Umar Khalid\Desktop\Backend\node_modules\express\lib\router\index.js:275:10)
    at initialize (C:\Users\Umar Khalid\Desktop\Backend\node_modules\passport\lib\middleware\initialize.js:53:5)
[2021-08-22 20:53:46] [31merror[39m:  [object Object] 
[2021-08-22 20:57:17] [31merror[39m:  Not Found 
Error: Not Found
    at C:\Users\Umar Khalid\Desktop\Backend\app.js:119:14
    at Layer.handle [as handle_request] (C:\Users\Umar Khalid\Desktop\Backend\node_modules\express\lib\router\layer.js:95:5)
    at trim_prefix (C:\Users\Umar Khalid\Desktop\Backend\node_modules\express\lib\router\index.js:317:13)
    at C:\Users\Umar Khalid\Desktop\Backend\node_modules\express\lib\router\index.js:284:7
    at Function.process_params (C:\Users\Umar Khalid\Desktop\Backend\node_modules\express\lib\router\index.js:335:12)
    at next (C:\Users\Umar Khalid\Desktop\Backend\node_modules\express\lib\router\index.js:275:10)
    at SessionStrategy.strategy.pass (C:\Users\Umar Khalid\Desktop\Backend\node_modules\passport\lib\middleware\authenticate.js:343:9)
    at SessionStrategy.authenticate (C:\Users\Umar Khalid\Desktop\Backend\node_modules\passport\lib\strategies\session.js:75:10)
    at attempt (C:\Users\Umar Khalid\Desktop\Backend\node_modules\passport\lib\middleware\authenticate.js:366:16)
    at authenticate (C:\Users\Umar Khalid\Desktop\Backend\node_modules\passport\lib\middleware\authenticate.js:367:7)
    at Layer.handle [as handle_request] (C:\Users\Umar Khalid\Desktop\Backend\node_modules\express\lib\router\layer.js:95:5)
    at trim_prefix (C:\Users\Umar Khalid\Desktop\Backend\node_modules\express\lib\router\index.js:317:13)
    at C:\Users\Umar Khalid\Desktop\Backend\node_modules\express\lib\router\index.js:284:7
    at Function.process_params (C:\Users\Umar Khalid\Desktop\Backend\node_modules\express\lib\router\index.js:335:12)
    at next (C:\Users\Umar Khalid\Desktop\Backend\node_modules\express\lib\router\index.js:275:10)
    at initialize (C:\Users\Umar Khalid\Desktop\Backend\node_modules\passport\lib\middleware\initialize.js:53:5)
[2021-08-22 21:08:21] [31merror[39m:  Not Found 
Error: Not Found
    at C:\Users\Umar Khalid\Desktop\Backend\app.js:119:14
    at Layer.handle [as handle_request] (C:\Users\Umar Khalid\Desktop\Backend\node_modules\express\lib\router\layer.js:95:5)
    at trim_prefix (C:\Users\Umar Khalid\Desktop\Backend\node_modules\express\lib\router\index.js:317:13)
    at C:\Users\Umar Khalid\Desktop\Backend\node_modules\express\lib\router\index.js:284:7
    at Function.process_params (C:\Users\Umar Khalid\Desktop\Backend\node_modules\express\lib\router\index.js:335:12)
    at next (C:\Users\Umar Khalid\Desktop\Backend\node_modules\express\lib\router\index.js:275:10)
    at SessionStrategy.strategy.pass (C:\Users\Umar Khalid\Desktop\Backend\node_modules\passport\lib\middleware\authenticate.js:343:9)
    at SessionStrategy.authenticate (C:\Users\Umar Khalid\Desktop\Backend\node_modules\passport\lib\strategies\session.js:75:10)
    at attempt (C:\Users\Umar Khalid\Desktop\Backend\node_modules\passport\lib\middleware\authenticate.js:366:16)
    at authenticate (C:\Users\Umar Khalid\Desktop\Backend\node_modules\passport\lib\middleware\authenticate.js:367:7)
    at Layer.handle [as handle_request] (C:\Users\Umar Khalid\Desktop\Backend\node_modules\express\lib\router\layer.js:95:5)
    at trim_prefix (C:\Users\Umar Khalid\Desktop\Backend\node_modules\express\lib\router\index.js:317:13)
    at C:\Users\Umar Khalid\Desktop\Backend\node_modules\express\lib\router\index.js:284:7
    at Function.process_params (C:\Users\Umar Khalid\Desktop\Backend\node_modules\express\lib\router\index.js:335:12)
    at next (C:\Users\Umar Khalid\Desktop\Backend\node_modules\express\lib\router\index.js:275:10)
    at initialize (C:\Users\Umar Khalid\Desktop\Backend\node_modules\passport\lib\middleware\initialize.js:53:5)
[2021-08-23 00:10:23] [31merror[39m:  mongoose connection disconnected 
[2021-08-23 08:55:13] [31merror[39m:  Not Found 
Error: Not Found
    at C:\Users\Umar Khalid\Desktop\Backend\app.js:119:14
    at Layer.handle [as handle_request] (C:\Users\Umar Khalid\Desktop\Backend\node_modules\express\lib\router\layer.js:95:5)
    at trim_prefix (C:\Users\Umar Khalid\Desktop\Backend\node_modules\express\lib\router\index.js:317:13)
    at C:\Users\Umar Khalid\Desktop\Backend\node_modules\express\lib\router\index.js:284:7
    at Function.process_params (C:\Users\Umar Khalid\Desktop\Backend\node_modules\express\lib\router\index.js:335:12)
    at next (C:\Users\Umar Khalid\Desktop\Backend\node_modules\express\lib\router\index.js:275:10)
    at SessionStrategy.strategy.pass (C:\Users\Umar Khalid\Desktop\Backend\node_modules\passport\lib\middleware\authenticate.js:343:9)
    at C:\Users\Umar Khalid\Desktop\Backend\node_modules\passport\lib\strategies\session.js:69:12
    at pass (C:\Users\Umar Khalid\Desktop\Backend\node_modules\passport\lib\authenticator.js:337:31)
    at deserialized (C:\Users\Umar Khalid\Desktop\Backend\node_modules\passport\lib\authenticator.js:349:7)
    at C:\Users\Umar Khalid\Desktop\Backend\config\passport.js:45:4
    at C:\Users\Umar Khalid\Desktop\Backend\node_modules\mongoose\lib\model.js:4870:18
    at processTicksAndRejections (internal/process/task_queues.js:79:11)
[2021-08-23 08:57:47] [31merror[39m:  Cast to ObjectId failed for value "logout" (type string) at path "_id" for model "userAccounts" 
CastError: Cast to ObjectId failed for value "logout" (type string) at path "_id" for model "userAccounts"
    at model.Query.exec (C:\Users\Umar Khalid\Desktop\Backend\node_modules\mongoose\lib\query.js:4478:21)
    at model.Query.Query.then (C:\Users\Umar Khalid\Desktop\Backend\node_modules\mongoose\lib\query.js:4572:15)
    at processTicksAndRejections (internal/process/task_queues.js:97:5)
[2021-08-23 08:57:50] [31merror[39m:  Not Found 
Error: Not Found
    at C:\Users\Umar Khalid\Desktop\Backend\app.js:119:14
    at Layer.handle [as handle_request] (C:\Users\Umar Khalid\Desktop\Backend\node_modules\express\lib\router\layer.js:95:5)
    at trim_prefix (C:\Users\Umar Khalid\Desktop\Backend\node_modules\express\lib\router\index.js:317:13)
    at C:\Users\Umar Khalid\Desktop\Backend\node_modules\express\lib\router\index.js:284:7
    at Function.process_params (C:\Users\Umar Khalid\Desktop\Backend\node_modules\express\lib\router\index.js:335:12)
    at next (C:\Users\Umar Khalid\Desktop\Backend\node_modules\express\lib\router\index.js:275:10)
    at SessionStrategy.strategy.pass (C:\Users\Umar Khalid\Desktop\Backend\node_modules\passport\lib\middleware\authenticate.js:343:9)
    at C:\Users\Umar Khalid\Desktop\Backend\node_modules\passport\lib\strategies\session.js:69:12
    at pass (C:\Users\Umar Khalid\Desktop\Backend\node_modules\passport\lib\authenticator.js:337:31)
    at deserialized (C:\Users\Umar Khalid\Desktop\Backend\node_modules\passport\lib\authenticator.js:349:7)
    at C:\Users\Umar Khalid\Desktop\Backend\config\passport.js:45:4
    at C:\Users\Umar Khalid\Desktop\Backend\node_modules\mongoose\lib\model.js:4870:18
    at processTicksAndRejections (internal/process/task_queues.js:79:11)
[2021-08-23 09:06:08] [31merror[39m:  Cast to ObjectId failed for value "logout" (type string) at path "_id" for model "userAccounts" 
CastError: Cast to ObjectId failed for value "logout" (type string) at path "_id" for model "userAccounts"
    at model.Query.exec (C:\Users\Umar Khalid\Desktop\Backend\node_modules\mongoose\lib\query.js:4478:21)
    at model.Query.Query.then (C:\Users\Umar Khalid\Desktop\Backend\node_modules\mongoose\lib\query.js:4572:15)
    at processTicksAndRejections (internal/process/task_queues.js:97:5)
[2021-08-23 09:06:12] [31merror[39m:  Not Found 
Error: Not Found
    at C:\Users\Umar Khalid\Desktop\Backend\app.js:119:14
    at Layer.handle [as handle_request] (C:\Users\Umar Khalid\Desktop\Backend\node_modules\express\lib\router\layer.js:95:5)
    at trim_prefix (C:\Users\Umar Khalid\Desktop\Backend\node_modules\express\lib\router\index.js:317:13)
    at C:\Users\Umar Khalid\Desktop\Backend\node_modules\express\lib\router\index.js:284:7
    at Function.process_params (C:\Users\Umar Khalid\Desktop\Backend\node_modules\express\lib\router\index.js:335:12)
    at next (C:\Users\Umar Khalid\Desktop\Backend\node_modules\express\lib\router\index.js:275:10)
    at SessionStrategy.strategy.pass (C:\Users\Umar Khalid\Desktop\Backend\node_modules\passport\lib\middleware\authenticate.js:343:9)
    at C:\Users\Umar Khalid\Desktop\Backend\node_modules\passport\lib\strategies\session.js:69:12
    at pass (C:\Users\Umar Khalid\Desktop\Backend\node_modules\passport\lib\authenticator.js:337:31)
    at deserialized (C:\Users\Umar Khalid\Desktop\Backend\node_modules\passport\lib\authenticator.js:349:7)
    at C:\Users\Umar Khalid\Desktop\Backend\config\passport.js:45:4
    at C:\Users\Umar Khalid\Desktop\Backend\node_modules\mongoose\lib\model.js:4870:18
    at processTicksAndRejections (internal/process/task_queues.js:79:11)
[2021-08-23 09:30:11] [31merror[39m:  Cast to ObjectId failed for value "logout" (type string) at path "_id" for model "userAccounts" 
CastError: Cast to ObjectId failed for value "logout" (type string) at path "_id" for model "userAccounts"
    at model.Query.exec (C:\Users\Umar Khalid\Desktop\Backend\node_modules\mongoose\lib\query.js:4478:21)
    at model.Query.Query.then (C:\Users\Umar Khalid\Desktop\Backend\node_modules\mongoose\lib\query.js:4572:15)
    at processTicksAndRejections (internal/process/task_queues.js:97:5)
[2021-08-23 09:30:15] [31merror[39m:  Not Found 
Error: Not Found
    at C:\Users\Umar Khalid\Desktop\Backend\app.js:119:14
    at Layer.handle [as handle_request] (C:\Users\Umar Khalid\Desktop\Backend\node_modules\express\lib\router\layer.js:95:5)
    at trim_prefix (C:\Users\Umar Khalid\Desktop\Backend\node_modules\express\lib\router\index.js:317:13)
    at C:\Users\Umar Khalid\Desktop\Backend\node_modules\express\lib\router\index.js:284:7
    at Function.process_params (C:\Users\Umar Khalid\Desktop\Backend\node_modules\express\lib\router\index.js:335:12)
    at next (C:\Users\Umar Khalid\Desktop\Backend\node_modules\express\lib\router\index.js:275:10)
    at SessionStrategy.strategy.pass (C:\Users\Umar Khalid\Desktop\Backend\node_modules\passport\lib\middleware\authenticate.js:343:9)
    at C:\Users\Umar Khalid\Desktop\Backend\node_modules\passport\lib\strategies\session.js:69:12
    at pass (C:\Users\Umar Khalid\Desktop\Backend\node_modules\passport\lib\authenticator.js:337:31)
    at deserialized (C:\Users\Umar Khalid\Desktop\Backend\node_modules\passport\lib\authenticator.js:349:7)
    at C:\Users\Umar Khalid\Desktop\Backend\config\passport.js:45:4
    at C:\Users\Umar Khalid\Desktop\Backend\node_modules\mongoose\lib\model.js:4870:18
    at processTicksAndRejections (internal/process/task_queues.js:79:11)
[2021-08-23 09:34:17] [31merror[39m:  Cast to ObjectId failed for value "logout" (type string) at path "_id" for model "userAccounts" 
CastError: Cast to ObjectId failed for value "logout" (type string) at path "_id" for model "userAccounts"
    at model.Query.exec (C:\Users\Umar Khalid\Desktop\Backend\node_modules\mongoose\lib\query.js:4478:21)
    at model.Query.Query.then (C:\Users\Umar Khalid\Desktop\Backend\node_modules\mongoose\lib\query.js:4572:15)
    at processTicksAndRejections (internal/process/task_queues.js:97:5)
    at runNextTicks (internal/process/task_queues.js:66:3)
    at processImmediate (internal/timers.js:429:9)
[2021-08-23 09:34:20] [31merror[39m:  Not Found 
Error: Not Found
    at C:\Users\Umar Khalid\Desktop\Backend\app.js:119:14
    at Layer.handle [as handle_request] (C:\Users\Umar Khalid\Desktop\Backend\node_modules\express\lib\router\layer.js:95:5)
    at trim_prefix (C:\Users\Umar Khalid\Desktop\Backend\node_modules\express\lib\router\index.js:317:13)
    at C:\Users\Umar Khalid\Desktop\Backend\node_modules\express\lib\router\index.js:284:7
    at Function.process_params (C:\Users\Umar Khalid\Desktop\Backend\node_modules\express\lib\router\index.js:335:12)
    at next (C:\Users\Umar Khalid\Desktop\Backend\node_modules\express\lib\router\index.js:275:10)
    at SessionStrategy.strategy.pass (C:\Users\Umar Khalid\Desktop\Backend\node_modules\passport\lib\middleware\authenticate.js:343:9)
    at C:\Users\Umar Khalid\Desktop\Backend\node_modules\passport\lib\strategies\session.js:69:12
    at pass (C:\Users\Umar Khalid\Desktop\Backend\node_modules\passport\lib\authenticator.js:337:31)
    at deserialized (C:\Users\Umar Khalid\Desktop\Backend\node_modules\passport\lib\authenticator.js:349:7)
    at C:\Users\Umar Khalid\Desktop\Backend\config\passport.js:44:4
    at C:\Users\Umar Khalid\Desktop\Backend\node_modules\mongoose\lib\model.js:4870:18
    at processTicksAndRejections (internal/process/task_queues.js:79:11)
[2021-08-23 09:44:24] [31merror[39m:  Cast to ObjectId failed for value "logout" (type string) at path "_id" for model "userAccounts" 
CastError: Cast to ObjectId failed for value "logout" (type string) at path "_id" for model "userAccounts"
    at model.Query.exec (C:\Users\Umar Khalid\Desktop\Backend\node_modules\mongoose\lib\query.js:4478:21)
    at model.Query.Query.then (C:\Users\Umar Khalid\Desktop\Backend\node_modules\mongoose\lib\query.js:4572:15)
    at processTicksAndRejections (internal/process/task_queues.js:97:5)
[2021-08-23 09:44:26] [31merror[39m:  Not Found 
Error: Not Found
    at C:\Users\Umar Khalid\Desktop\Backend\app.js:119:14
    at Layer.handle [as handle_request] (C:\Users\Umar Khalid\Desktop\Backend\node_modules\express\lib\router\layer.js:95:5)
    at trim_prefix (C:\Users\Umar Khalid\Desktop\Backend\node_modules\express\lib\router\index.js:317:13)
    at C:\Users\Umar Khalid\Desktop\Backend\node_modules\express\lib\router\index.js:284:7
    at Function.process_params (C:\Users\Umar Khalid\Desktop\Backend\node_modules\express\lib\router\index.js:335:12)
    at next (C:\Users\Umar Khalid\Desktop\Backend\node_modules\express\lib\router\index.js:275:10)
    at SessionStrategy.strategy.pass (C:\Users\Umar Khalid\Desktop\Backend\node_modules\passport\lib\middleware\authenticate.js:343:9)
    at C:\Users\Umar Khalid\Desktop\Backend\node_modules\passport\lib\strategies\session.js:69:12
    at pass (C:\Users\Umar Khalid\Desktop\Backend\node_modules\passport\lib\authenticator.js:337:31)
    at deserialized (C:\Users\Umar Khalid\Desktop\Backend\node_modules\passport\lib\authenticator.js:349:7)
    at C:\Users\Umar Khalid\Desktop\Backend\config\passport.js:44:4
    at C:\Users\Umar Khalid\Desktop\Backend\node_modules\mongoose\lib\model.js:4870:18
    at processTicksAndRejections (internal/process/task_queues.js:79:11)
    at runNextTicks (internal/process/task_queues.js:66:3)
    at processImmediate (internal/timers.js:429:9)
[2021-08-23 09:48:02] [31merror[39m:  Cast to ObjectId failed for value "logout" (type string) at path "_id" for model "userAccounts" 
CastError: Cast to ObjectId failed for value "logout" (type string) at path "_id" for model "userAccounts"
    at model.Query.exec (C:\Users\Umar Khalid\Desktop\Backend\node_modules\mongoose\lib\query.js:4478:21)
    at model.Query.Query.then (C:\Users\Umar Khalid\Desktop\Backend\node_modules\mongoose\lib\query.js:4572:15)
    at processTicksAndRejections (internal/process/task_queues.js:97:5)
[2021-08-23 09:48:05] [31merror[39m:  Not Found 
Error: Not Found
    at C:\Users\Umar Khalid\Desktop\Backend\app.js:119:14
    at Layer.handle [as handle_request] (C:\Users\Umar Khalid\Desktop\Backend\node_modules\express\lib\router\layer.js:95:5)
    at trim_prefix (C:\Users\Umar Khalid\Desktop\Backend\node_modules\express\lib\router\index.js:317:13)
    at C:\Users\Umar Khalid\Desktop\Backend\node_modules\express\lib\router\index.js:284:7
    at Function.process_params (C:\Users\Umar Khalid\Desktop\Backend\node_modules\express\lib\router\index.js:335:12)
    at next (C:\Users\Umar Khalid\Desktop\Backend\node_modules\express\lib\router\index.js:275:10)
    at SessionStrategy.strategy.pass (C:\Users\Umar Khalid\Desktop\Backend\node_modules\passport\lib\middleware\authenticate.js:343:9)
    at C:\Users\Umar Khalid\Desktop\Backend\node_modules\passport\lib\strategies\session.js:69:12
    at pass (C:\Users\Umar Khalid\Desktop\Backend\node_modules\passport\lib\authenticator.js:337:31)
    at deserialized (C:\Users\Umar Khalid\Desktop\Backend\node_modules\passport\lib\authenticator.js:349:7)
    at C:\Users\Umar Khalid\Desktop\Backend\config\passport.js:44:4
    at C:\Users\Umar Khalid\Desktop\Backend\node_modules\mongoose\lib\model.js:4870:18
    at processTicksAndRejections (internal/process/task_queues.js:79:11)
[2021-08-23 09:55:13] [31merror[39m:  Cast to ObjectId failed for value "logout" (type string) at path "_id" for model "userAccounts" 
CastError: Cast to ObjectId failed for value "logout" (type string) at path "_id" for model "userAccounts"
    at model.Query.exec (C:\Users\Umar Khalid\Desktop\Backend\node_modules\mongoose\lib\query.js:4478:21)
    at model.Query.Query.then (C:\Users\Umar Khalid\Desktop\Backend\node_modules\mongoose\lib\query.js:4572:15)
    at processTicksAndRejections (internal/process/task_queues.js:97:5)
[2021-08-23 09:55:17] [31merror[39m:  Not Found 
Error: Not Found
    at C:\Users\Umar Khalid\Desktop\Backend\app.js:119:14
    at Layer.handle [as handle_request] (C:\Users\Umar Khalid\Desktop\Backend\node_modules\express\lib\router\layer.js:95:5)
    at trim_prefix (C:\Users\Umar Khalid\Desktop\Backend\node_modules\express\lib\router\index.js:317:13)
    at C:\Users\Umar Khalid\Desktop\Backend\node_modules\express\lib\router\index.js:284:7
    at Function.process_params (C:\Users\Umar Khalid\Desktop\Backend\node_modules\express\lib\router\index.js:335:12)
    at next (C:\Users\Umar Khalid\Desktop\Backend\node_modules\express\lib\router\index.js:275:10)
    at SessionStrategy.strategy.pass (C:\Users\Umar Khalid\Desktop\Backend\node_modules\passport\lib\middleware\authenticate.js:343:9)
    at C:\Users\Umar Khalid\Desktop\Backend\node_modules\passport\lib\strategies\session.js:69:12
    at pass (C:\Users\Umar Khalid\Desktop\Backend\node_modules\passport\lib\authenticator.js:337:31)
    at deserialized (C:\Users\Umar Khalid\Desktop\Backend\node_modules\passport\lib\authenticator.js:349:7)
    at C:\Users\Umar Khalid\Desktop\Backend\config\passport.js:44:4
    at C:\Users\Umar Khalid\Desktop\Backend\node_modules\mongoose\lib\model.js:4870:18
    at processTicksAndRejections (internal/process/task_queues.js:79:11)
    at runNextTicks (internal/process/task_queues.js:66:3)
    at processImmediate (internal/timers.js:429:9)
[2021-08-23 10:02:52] [31merror[39m:  Cast to ObjectId failed for value "logout" (type string) at path "_id" for model "userAccounts" 
CastError: Cast to ObjectId failed for value "logout" (type string) at path "_id" for model "userAccounts"
    at model.Query.exec (C:\Users\Umar Khalid\Desktop\Backend\node_modules\mongoose\lib\query.js:4478:21)
    at model.Query.Query.then (C:\Users\Umar Khalid\Desktop\Backend\node_modules\mongoose\lib\query.js:4572:15)
    at processTicksAndRejections (internal/process/task_queues.js:97:5)
[2021-08-23 10:03:33] [31merror[39m:  Cast to ObjectId failed for value "logout" (type string) at path "_id" for model "userAccounts" 
CastError: Cast to ObjectId failed for value "logout" (type string) at path "_id" for model "userAccounts"
    at model.Query.exec (C:\Users\Umar Khalid\Desktop\Backend\node_modules\mongoose\lib\query.js:4478:21)
    at model.Query.Query.then (C:\Users\Umar Khalid\Desktop\Backend\node_modules\mongoose\lib\query.js:4572:15)
    at processTicksAndRejections (internal/process/task_queues.js:97:5)
[2021-08-23 10:04:19] [31merror[39m:  Cast to ObjectId failed for value "logout" (type string) at path "_id" for model "userAccounts" 
CastError: Cast to ObjectId failed for value "logout" (type string) at path "_id" for model "userAccounts"
    at model.Query.exec (C:\Users\Umar Khalid\Desktop\Backend\node_modules\mongoose\lib\query.js:4478:21)
    at model.Query.Query.then (C:\Users\Umar Khalid\Desktop\Backend\node_modules\mongoose\lib\query.js:4572:15)
    at processTicksAndRejections (internal/process/task_queues.js:97:5)
[2021-08-23 10:15:30] [31merror[39m:  Cast to ObjectId failed for value "logout" (type string) at path "_id" for model "userAccounts" 
CastError: Cast to ObjectId failed for value "logout" (type string) at path "_id" for model "userAccounts"
    at model.Query.exec (C:\Users\Umar Khalid\Desktop\Backend\node_modules\mongoose\lib\query.js:4478:21)
    at model.Query.Query.then (C:\Users\Umar Khalid\Desktop\Backend\node_modules\mongoose\lib\query.js:4572:15)
    at processTicksAndRejections (internal/process/task_queues.js:97:5)
[2021-08-23 10:29:16] [31merror[39m:  Authenticated 
[2021-08-23 10:30:00] [31merror[39m:  [object Object] 
[2021-08-23 10:45:49] [31merror[39m:  mongoose connection disconnected 
[2021-08-23 11:43:27] [31merror[39m:  [object Object] 
[2021-08-23 11:43:55] [31merror[39m:  assignVaccineTo validation failed: vaccine: Cast to ObjectId failed for value "Influenza" (type string) at path "vaccine" 
ValidationError: assignVaccineTo validation failed: vaccine: Cast to ObjectId failed for value "Influenza" (type string) at path "vaccine"
    at model.Document.invalidate (C:\Users\Umar Khalid\Desktop\Backend\node_modules\mongoose\lib\document.js:2730:32)
    at model.$set (C:\Users\Umar Khalid\Desktop\Backend\node_modules\mongoose\lib\document.js:1319:12)
    at model.$set (C:\Users\Umar Khalid\Desktop\Backend\node_modules\mongoose\lib\document.js:1023:16)
    at model.Document (C:\Users\Umar Khalid\Desktop\Backend\node_modules\mongoose\lib\document.js:148:12)
    at model.Model (C:\Users\Umar Khalid\Desktop\Backend\node_modules\mongoose\lib\model.js:105:12)
    at new model (C:\Users\Umar Khalid\Desktop\Backend\node_modules\mongoose\lib\model.js:4707:15)
    at assignVaccine (C:\Users\Umar Khalid\Desktop\Backend\app\modules\admin\controllers\admin.controller.js:154:31)
    at processTicksAndRejections (internal/process/task_queues.js:97:5)
[2021-08-23 11:50:35] [31merror[39m:  Cast to Number failed for value "NaN" (type number) at path "quantity" 
CastError: Cast to Number failed for value "NaN" (type number) at path "quantity"
    at model.Query.exec (C:\Users\Umar Khalid\Desktop\Backend\node_modules\mongoose\lib\query.js:4478:21)
    at model.Query.Query.then (C:\Users\Umar Khalid\Desktop\Backend\node_modules\mongoose\lib\query.js:4572:15)
    at processTicksAndRejections (internal/process/task_queues.js:97:5)
[2021-08-23 11:53:20] [31merror[39m:  Cannot read property 'quantity' of undefined 
TypeError: Cannot read property 'quantity' of undefined
    at assignVaccine (C:\Users\Umar Khalid\Desktop\Backend\app\modules\admin\controllers\admin.controller.js:163:41)
    at processTicksAndRejections (internal/process/task_queues.js:97:5)
[2021-08-23 11:59:41] [31merror[39m:  Callback must be a function, got [object Object] 
MongooseError: Callback must be a function, got [object Object]
    at Function.Model.$handleCallbackError (C:\Users\Umar Khalid\Desktop\Backend\node_modules\mongoose\lib\model.js:4863:11)
    at Function.Model.findByIdAndUpdate (C:\Users\Umar Khalid\Desktop\Backend\node_modules\mongoose\lib\model.js:2631:19)
    at assignVaccine (C:\Users\Umar Khalid\Desktop\Backend\app\modules\admin\controllers\admin.controller.js:165:17)
    at processTicksAndRejections (internal/process/task_queues.js:97:5)
[2021-08-23 12:10:06] [31merror[39m:  Unexpected token } in JSON at position 29 
SyntaxError: Unexpected token } in JSON at position 29
    at JSON.parse (<anonymous>)
    at parse (C:\Users\Umar Khalid\Desktop\Backend\node_modules\body-parser\lib\types\json.js:89:19)
    at C:\Users\Umar Khalid\Desktop\Backend\node_modules\body-parser\lib\read.js:121:18
    at invokeCallback (C:\Users\Umar Khalid\Desktop\Backend\node_modules\raw-body\index.js:224:16)
    at done (C:\Users\Umar Khalid\Desktop\Backend\node_modules\raw-body\index.js:213:7)
    at IncomingMessage.onEnd (C:\Users\Umar Khalid\Desktop\Backend\node_modules\raw-body\index.js:273:7)
    at IncomingMessage.emit (events.js:327:22)
    at endReadableNT (_stream_readable.js:1220:12)
    at processTicksAndRejections (internal/process/task_queues.js:84:21)
[2021-08-23 12:17:59] [31merror[39m:  User is Not authorized to access this api. 
[2021-08-23 12:18:28] [31merror[39m:  Invalid Password 
[2021-08-23 12:24:02] [31merror[39m:  mongoose connection disconnected 
[2021-08-23 14:28:36] [31merror[39m:  mongoose connection disconnected 
[2021-08-23 14:53:15] [31merror[39m:  mongoose connection disconnected 
[2021-08-23 15:37:40] [31merror[39m:  User is Not authorized to access this api. 
[2021-08-23 15:38:31] [31merror[39m:  users is not defined 
ReferenceError: users is not defined
    at assignVaccineTo (C:\Users\Umar Khalid\Desktop\Backend\app\modules\subAdmin\controllers\subadmin.controller.js:95:15)
    at Layer.handle [as handle_request] (C:\Users\Umar Khalid\Desktop\Backend\node_modules\express\lib\router\layer.js:95:5)
    at next (C:\Users\Umar Khalid\Desktop\Backend\node_modules\express\lib\router\route.js:137:13)
    at C:\Users\Umar Khalid\Desktop\Backend\config\passport.js:63:11
    at Layer.handle [as handle_request] (C:\Users\Umar Khalid\Desktop\Backend\node_modules\express\lib\router\layer.js:95:5)
    at next (C:\Users\Umar Khalid\Desktop\Backend\node_modules\express\lib\router\route.js:137:13)
    at passport.isAuthenticated (C:\Users\Umar Khalid\Desktop\Backend\config\passport.js:55:10)
    at Layer.handle [as handle_request] (C:\Users\Umar Khalid\Desktop\Backend\node_modules\express\lib\router\layer.js:95:5)
    at next (C:\Users\Umar Khalid\Desktop\Backend\node_modules\express\lib\router\route.js:137:13)
    at Route.dispatch (C:\Users\Umar Khalid\Desktop\Backend\node_modules\express\lib\router\route.js:112:3)
    at Layer.handle [as handle_request] (C:\Users\Umar Khalid\Desktop\Backend\node_modules\express\lib\router\layer.js:95:5)
    at C:\Users\Umar Khalid\Desktop\Backend\node_modules\express\lib\router\index.js:281:22
    at param (C:\Users\Umar Khalid\Desktop\Backend\node_modules\express\lib\router\index.js:354:14)
    at param (C:\Users\Umar Khalid\Desktop\Backend\node_modules\express\lib\router\index.js:365:14)
    at Function.process_params (C:\Users\Umar Khalid\Desktop\Backend\node_modules\express\lib\router\index.js:410:3)
    at next (C:\Users\Umar Khalid\Desktop\Backend\node_modules\express\lib\router\index.js:275:10)
[2021-08-23 15:39:45] [31merror[39m:  assignVaccineTo is not a constructor 
TypeError: assignVaccineTo is not a constructor
    at assignVaccineTo (C:\Users\Umar Khalid\Desktop\Backend\app\modules\subAdmin\controllers\subadmin.controller.js:107:34)
    at processTicksAndRejections (internal/process/task_queues.js:97:5)
[2021-08-23 15:41:47] [31merror[39m:  orgVaccines is not defined 
ReferenceError: orgVaccines is not defined
    at assignVaccine (C:\Users\Umar Khalid\Desktop\Backend\app\modules\subAdmin\controllers\subadmin.controller.js:122:4)
    at processTicksAndRejections (internal/process/task_queues.js:97:5)
[2021-08-23 15:42:42] [31merror[39m:  orgVacc is not defined 
ReferenceError: orgVacc is not defined
    at assignVaccine (C:\Users\Umar Khalid\Desktop\Backend\app\modules\subAdmin\controllers\subadmin.controller.js:123:26)
    at processTicksAndRejections (internal/process/task_queues.js:97:5)
[2021-08-23 15:56:25] [31merror[39m:  mongoose connection disconnected 
[2021-08-23 16:25:13] [31merror[39m:  [object Object] 
[2021-08-23 16:26:13] [31merror[39m:  User is Not authorized to access this api. 
[2021-08-23 16:35:36] [31merror[39m:  mongoose connection disconnected 
[2021-09-13 16:52:26] [31merror[39m:  mongoose connection disconnected 
[2021-09-14 11:22:57] [31merror[39m:  User Not Found 
[2021-09-14 11:24:55] [31merror[39m:  User Not Found 
[2021-09-14 12:25:22] [31merror[39m:  mongoose connection disconnected 
[2021-09-14 12:35:29] [31merror[39m:  Invalid Password 
[2021-09-14 12:37:32] [31merror[39m:  Invalid Password 
[2021-09-19 18:27:16] [31merror[39m:  mongoose connection disconnected 
[2021-09-20 13:09:46] [31merror[39m:  User Not Found 
[2021-09-20 14:05:58] [31merror[39m:  mongoose connection disconnected 
[2021-09-22 14:21:59] [31merror[39m:  mongoose connection disconnected 
[2021-09-23 11:07:21] [31merror[39m:  userAccounts validation failed: cnic: Path `cnic` is required. 
ValidationError: userAccounts validation failed: cnic: Path `cnic` is required.
    at model.Document.invalidate (E:\Comsats\FYP\Code\Frontend\child-immunization\Backend\node_modules\mongoose\lib\document.js:2730:32)
    at E:\Comsats\FYP\Code\Frontend\child-immunization\Backend\node_modules\mongoose\lib\document.js:2542:17
    at E:\Comsats\FYP\Code\Frontend\child-immunization\Backend\node_modules\mongoose\lib\schematype.js:1273:9
    at processTicksAndRejections (internal/process/task_queues.js:77:11)
[2021-09-23 11:08:53] [31merror[39m:  userAccounts validation failed: cnic: Path `cnic` is required. 
ValidationError: userAccounts validation failed: cnic: Path `cnic` is required.
    at model.Document.invalidate (E:\Comsats\FYP\Code\Frontend\child-immunization\Backend\node_modules\mongoose\lib\document.js:2730:32)
    at E:\Comsats\FYP\Code\Frontend\child-immunization\Backend\node_modules\mongoose\lib\document.js:2542:17
    at E:\Comsats\FYP\Code\Frontend\child-immunization\Backend\node_modules\mongoose\lib\schematype.js:1273:9
    at processTicksAndRejections (internal/process/task_queues.js:77:11)
[2021-09-23 11:16:16] [31merror[39m:  userAccounts validation failed: cnic: Path `cnic` is required. 
ValidationError: userAccounts validation failed: cnic: Path `cnic` is required.
    at model.Document.invalidate (E:\Comsats\FYP\Code\Frontend\child-immunization\Backend\node_modules\mongoose\lib\document.js:2730:32)
    at E:\Comsats\FYP\Code\Frontend\child-immunization\Backend\node_modules\mongoose\lib\document.js:2542:17
    at E:\Comsats\FYP\Code\Frontend\child-immunization\Backend\node_modules\mongoose\lib\schematype.js:1273:9
    at processTicksAndRejections (internal/process/task_queues.js:77:11)
[2021-09-23 14:40:18] [31merror[39m:  mongoose connection disconnected 
[2021-09-24 11:58:36] [31merror[39m:  Cast to ObjectId failed for value "{ _id: '[object Object]' }" (type Object) at path "_id" for model "userAccounts" 
CastError: Cast to ObjectId failed for value "{ _id: '[object Object]' }" (type Object) at path "_id" for model "userAccounts"
    at model.Query.exec (E:\Comsats\FYP\Code\Frontend\child-immunization\Backend\node_modules\mongoose\lib\query.js:4478:21)
    at model.Query.Query.then (E:\Comsats\FYP\Code\Frontend\child-immunization\Backend\node_modules\mongoose\lib\query.js:4572:15)
    at runMicrotasks (<anonymous>)
    at processTicksAndRejections (internal/process/task_queues.js:95:5)
[2021-09-24 11:59:17] [31merror[39m:  Cast to ObjectId failed for value "{ _id: '[object Object]' }" (type Object) at path "_id" for model "userAccounts" 
CastError: Cast to ObjectId failed for value "{ _id: '[object Object]' }" (type Object) at path "_id" for model "userAccounts"
    at model.Query.exec (E:\Comsats\FYP\Code\Frontend\child-immunization\Backend\node_modules\mongoose\lib\query.js:4478:21)
    at model.Query.Query.then (E:\Comsats\FYP\Code\Frontend\child-immunization\Backend\node_modules\mongoose\lib\query.js:4572:15)
    at runMicrotasks (<anonymous>)
    at processTicksAndRejections (internal/process/task_queues.js:95:5)
[2021-09-24 12:15:04] [31merror[39m:  Cast to ObjectId failed for value "{ _id: '[object Object]' }" (type Object) at path "_id" for model "userAccounts" 
CastError: Cast to ObjectId failed for value "{ _id: '[object Object]' }" (type Object) at path "_id" for model "userAccounts"
    at model.Query.exec (E:\Comsats\FYP\Code\Frontend\child-immunization\Backend\node_modules\mongoose\lib\query.js:4478:21)
    at model.Query.Query.then (E:\Comsats\FYP\Code\Frontend\child-immunization\Backend\node_modules\mongoose\lib\query.js:4572:15)
    at runMicrotasks (<anonymous>)
    at processTicksAndRejections (internal/process/task_queues.js:95:5)
[2021-09-24 14:18:23] [31merror[39m:  mongoose connection disconnected 
[2021-09-24 14:22:49] [31merror[39m:  Cast to ObjectId failed for value "{ _id: '[object Object]' }" (type Object) at path "_id" for model "userAccounts" 
CastError: Cast to ObjectId failed for value "{ _id: '[object Object]' }" (type Object) at path "_id" for model "userAccounts"
    at model.Query.exec (E:\Comsats\FYP\Code\Frontend\child-immunization\Backend\node_modules\mongoose\lib\query.js:4478:21)
    at model.Query.Query.then (E:\Comsats\FYP\Code\Frontend\child-immunization\Backend\node_modules\mongoose\lib\query.js:4572:15)
    at runMicrotasks (<anonymous>)
    at processTicksAndRejections (internal/process/task_queues.js:95:5)
[2021-09-24 14:25:43] [31merror[39m:  Cast to ObjectId failed for value "{ _id: '[object Object]' }" (type Object) at path "_id" for model "userAccounts" 
CastError: Cast to ObjectId failed for value "{ _id: '[object Object]' }" (type Object) at path "_id" for model "userAccounts"
    at model.Query.exec (E:\Comsats\FYP\Code\Frontend\child-immunization\Backend\node_modules\mongoose\lib\query.js:4478:21)
    at model.Query.Query.then (E:\Comsats\FYP\Code\Frontend\child-immunization\Backend\node_modules\mongoose\lib\query.js:4572:15)
    at runMicrotasks (<anonymous>)
    at processTicksAndRejections (internal/process/task_queues.js:95:5)
[2021-09-24 14:46:45] [31merror[39m:  mongoose connection disconnected 
[2021-09-24 17:54:22] [31merror[39m:  Cast to ObjectId failed for value "{ _id: 'add' }" (type Object) at path "_id" for model "Vaccine" 
CastError: Cast to ObjectId failed for value "{ _id: 'add' }" (type Object) at path "_id" for model "Vaccine"
    at model.Query.exec (E:\Comsats\FYP\Code\Frontend\child-immunization\Backend\node_modules\mongoose\lib\query.js:4478:21)
    at model.Query.Query.then (E:\Comsats\FYP\Code\Frontend\child-immunization\Backend\node_modules\mongoose\lib\query.js:4572:15)
    at processTicksAndRejections (internal/process/task_queues.js:95:5)
[2021-09-24 17:57:43] [31merror[39m:  Cast to ObjectId failed for value "{ _id: 'add' }" (type Object) at path "_id" for model "Vaccine" 
CastError: Cast to ObjectId failed for value "{ _id: 'add' }" (type Object) at path "_id" for model "Vaccine"
    at model.Query.exec (E:\Comsats\FYP\Code\Frontend\child-immunization\Backend\node_modules\mongoose\lib\query.js:4478:21)
    at model.Query.Query.then (E:\Comsats\FYP\Code\Frontend\child-immunization\Backend\node_modules\mongoose\lib\query.js:4572:15)
    at processTicksAndRejections (internal/process/task_queues.js:95:5)
[2021-09-24 18:00:21] [31merror[39m:  Cast to ObjectId failed for value "{ _id: 'add' }" (type Object) at path "_id" for model "Vaccine" 
CastError: Cast to ObjectId failed for value "{ _id: 'add' }" (type Object) at path "_id" for model "Vaccine"
    at model.Query.exec (E:\Comsats\FYP\Code\Frontend\child-immunization\Backend\node_modules\mongoose\lib\query.js:4478:21)
    at model.Query.Query.then (E:\Comsats\FYP\Code\Frontend\child-immunization\Backend\node_modules\mongoose\lib\query.js:4572:15)
    at runMicrotasks (<anonymous>)
    at processTicksAndRejections (internal/process/task_queues.js:95:5)
[2021-09-24 21:33:44] [31merror[39m:  mongoose connection disconnected 
[2021-09-25 11:18:11] [31merror[39m:  mongoose connection disconnected 
[2021-09-25 11:37:17] [31merror[39m:  User is Not authorized to access this api. 
[2021-09-25 11:54:17] [31merror[39m:  Cast to ObjectId failed for value "{ _id: 'add' }" (type Object) at path "_id" for model "userAccounts" 
CastError: Cast to ObjectId failed for value "{ _id: 'add' }" (type Object) at path "_id" for model "userAccounts"
    at model.Query.exec (E:\Comsats\FYP\Code\Frontend\child-immunization\Backend\node_modules\mongoose\lib\query.js:4478:21)
    at model.Query.Query.then (E:\Comsats\FYP\Code\Frontend\child-immunization\Backend\node_modules\mongoose\lib\query.js:4572:15)
    at processTicksAndRejections (internal/process/task_queues.js:95:5)
[2021-09-25 12:01:43] [31merror[39m:  E11000 duplicate key error collection: CVS.useraccounts index: IDX_EMAIL dup key: { email: "talal@gmail.com" } 
MongoError: E11000 duplicate key error collection: CVS.useraccounts index: IDX_EMAIL dup key: { email: "talal@gmail.com" }
    at Function.create (E:\Comsats\FYP\Code\Frontend\child-immunization\Backend\node_modules\mongodb\lib\core\error.js:57:12)
    at toError (E:\Comsats\FYP\Code\Frontend\child-immunization\Backend\node_modules\mongodb\lib\utils.js:130:22)
    at E:\Comsats\FYP\Code\Frontend\child-immunization\Backend\node_modules\mongodb\lib\operations\common_functions.js:258:39
    at handler (E:\Comsats\FYP\Code\Frontend\child-immunization\Backend\node_modules\mongodb\lib\core\sdam\topology.js:943:24)
    at E:\Comsats\FYP\Code\Frontend\child-immunization\Backend\node_modules\mongodb\lib\cmap\connection_pool.js:350:13
    at handleOperationResult (E:\Comsats\FYP\Code\Frontend\child-immunization\Backend\node_modules\mongodb\lib\core\sdam\server.js:558:5)
    at MessageStream.messageHandler (E:\Comsats\FYP\Code\Frontend\child-immunization\Backend\node_modules\mongodb\lib\cmap\connection.js:281:5)
    at MessageStream.emit (events.js:400:28)
    at processIncomingData (E:\Comsats\FYP\Code\Frontend\child-immunization\Backend\node_modules\mongodb\lib\cmap\message_stream.js:144:12)
    at MessageStream._write (E:\Comsats\FYP\Code\Frontend\child-immunization\Backend\node_modules\mongodb\lib\cmap\message_stream.js:42:5)
    at writeOrBuffer (internal/streams/writable.js:358:12)
    at MessageStream.Writable.write (internal/streams/writable.js:303:10)
    at TLSSocket.ondata (internal/streams/readable.js:726:22)
    at TLSSocket.emit (events.js:400:28)
    at addChunk (internal/streams/readable.js:290:12)
    at readableAddChunk (internal/streams/readable.js:265:9)
[2021-09-25 12:02:44] [31merror[39m:  Children validation failed: hospitalName: Path `hospitalName` is required., childID: Path `childID` is required., parentName: Path `parentName` is required., parentCNIC: Path `parentCNIC` is required., contactNo: Path `contactNo` is required., address.addr: Path `address.addr` is required., address.area: Path `address.area` is required., address.city: Path `address.city` is required., gender: Path `gender` is required., birthPlace: Path `birthPlace` is required. 
ValidationError: Children validation failed: hospitalName: Path `hospitalName` is required., childID: Path `childID` is required., parentName: Path `parentName` is required., parentCNIC: Path `parentCNIC` is required., contactNo: Path `contactNo` is required., address.addr: Path `address.addr` is required., address.area: Path `address.area` is required., address.city: Path `address.city` is required., gender: Path `gender` is required., birthPlace: Path `birthPlace` is required.
    at model.Document.invalidate (E:\Comsats\FYP\Code\Frontend\child-immunization\Backend\node_modules\mongoose\lib\document.js:2730:32)
    at E:\Comsats\FYP\Code\Frontend\child-immunization\Backend\node_modules\mongoose\lib\document.js:2542:17
    at E:\Comsats\FYP\Code\Frontend\child-immunization\Backend\node_modules\mongoose\lib\schematype.js:1273:9
    at processTicksAndRejections (internal/process/task_queues.js:77:11)
[2021-09-25 12:05:03] [31merror[39m:  Children validation failed: hospitalName: Path `hospitalName` is required., childID: Path `childID` is required., parentName: Path `parentName` is required., parentCNIC: Path `parentCNIC` is required., contactNo: Path `contactNo` is required., address.addr: Path `address.addr` is required., address.area: Path `address.area` is required., address.city: Path `address.city` is required., gender: Path `gender` is required., birthPlace: Path `birthPlace` is required. 
ValidationError: Children validation failed: hospitalName: Path `hospitalName` is required., childID: Path `childID` is required., parentName: Path `parentName` is required., parentCNIC: Path `parentCNIC` is required., contactNo: Path `contactNo` is required., address.addr: Path `address.addr` is required., address.area: Path `address.area` is required., address.city: Path `address.city` is required., gender: Path `gender` is required., birthPlace: Path `birthPlace` is required.
    at model.Document.invalidate (E:\Comsats\FYP\Code\Frontend\child-immunization\Backend\node_modules\mongoose\lib\document.js:2730:32)
    at E:\Comsats\FYP\Code\Frontend\child-immunization\Backend\node_modules\mongoose\lib\document.js:2542:17
    at E:\Comsats\FYP\Code\Frontend\child-immunization\Backend\node_modules\mongoose\lib\schematype.js:1273:9
    at processTicksAndRejections (internal/process/task_queues.js:77:11)
[2021-09-25 12:15:24] [31merror[39m:  Children validation failed: hospitalName: Path `hospitalName` is required., childID: Path `childID` is required., parentName: Path `parentName` is required., parentCNIC: Path `parentCNIC` is required., contactNo: Path `contactNo` is required., address.addr: Path `address.addr` is required., address.area: Path `address.area` is required., address.city: Path `address.city` is required., gender: Path `gender` is required., birthPlace: Path `birthPlace` is required. 
ValidationError: Children validation failed: hospitalName: Path `hospitalName` is required., childID: Path `childID` is required., parentName: Path `parentName` is required., parentCNIC: Path `parentCNIC` is required., contactNo: Path `contactNo` is required., address.addr: Path `address.addr` is required., address.area: Path `address.area` is required., address.city: Path `address.city` is required., gender: Path `gender` is required., birthPlace: Path `birthPlace` is required.
    at model.Document.invalidate (E:\Comsats\FYP\Code\Frontend\child-immunization\Backend\node_modules\mongoose\lib\document.js:2730:32)
    at E:\Comsats\FYP\Code\Frontend\child-immunization\Backend\node_modules\mongoose\lib\document.js:2542:17
    at E:\Comsats\FYP\Code\Frontend\child-immunization\Backend\node_modules\mongoose\lib\schematype.js:1273:9
    at processTicksAndRejections (internal/process/task_queues.js:77:11)
[2021-09-25 12:16:16] [31merror[39m:  Children validation failed: childID: Path `childID` is required., parentName: Path `parentName` is required., parentCNIC: Path `parentCNIC` is required., contactNo: Path `contactNo` is required., address.addr: Path `address.addr` is required., address.area: Path `address.area` is required., address.city: Path `address.city` is required., gender: Path `gender` is required., birthPlace: Path `birthPlace` is required. 
ValidationError: Children validation failed: childID: Path `childID` is required., parentName: Path `parentName` is required., parentCNIC: Path `parentCNIC` is required., contactNo: Path `contactNo` is required., address.addr: Path `address.addr` is required., address.area: Path `address.area` is required., address.city: Path `address.city` is required., gender: Path `gender` is required., birthPlace: Path `birthPlace` is required.
    at model.Document.invalidate (E:\Comsats\FYP\Code\Frontend\child-immunization\Backend\node_modules\mongoose\lib\document.js:2730:32)
    at E:\Comsats\FYP\Code\Frontend\child-immunization\Backend\node_modules\mongoose\lib\document.js:2542:17
    at E:\Comsats\FYP\Code\Frontend\child-immunization\Backend\node_modules\mongoose\lib\schematype.js:1273:9
    at processTicksAndRejections (internal/process/task_queues.js:77:11)
[2021-09-25 12:16:46] [31merror[39m:  Children validation failed: hospitalName: Path `hospitalName` is required., childID: Path `childID` is required., parentName: Path `parentName` is required., parentCNIC: Path `parentCNIC` is required., contactNo: Path `contactNo` is required., address.addr: Path `address.addr` is required., address.area: Path `address.area` is required., address.city: Path `address.city` is required., gender: Path `gender` is required., birthPlace: Path `birthPlace` is required. 
ValidationError: Children validation failed: hospitalName: Path `hospitalName` is required., childID: Path `childID` is required., parentName: Path `parentName` is required., parentCNIC: Path `parentCNIC` is required., contactNo: Path `contactNo` is required., address.addr: Path `address.addr` is required., address.area: Path `address.area` is required., address.city: Path `address.city` is required., gender: Path `gender` is required., birthPlace: Path `birthPlace` is required.
    at model.Document.invalidate (E:\Comsats\FYP\Code\Frontend\child-immunization\Backend\node_modules\mongoose\lib\document.js:2730:32)
    at E:\Comsats\FYP\Code\Frontend\child-immunization\Backend\node_modules\mongoose\lib\document.js:2542:17
    at E:\Comsats\FYP\Code\Frontend\child-immunization\Backend\node_modules\mongoose\lib\schematype.js:1273:9
    at processTicksAndRejections (internal/process/task_queues.js:77:11)
[2021-09-25 12:17:45] [31merror[39m:  Children validation failed: hospitalName: Path `hospitalName` is required., childID: Path `childID` is required., parentName: Path `parentName` is required., parentCNIC: Path `parentCNIC` is required., contactNo: Path `contactNo` is required., gender: Path `gender` is required., birthPlace: Path `birthPlace` is required. 
ValidationError: Children validation failed: hospitalName: Path `hospitalName` is required., childID: Path `childID` is required., parentName: Path `parentName` is required., parentCNIC: Path `parentCNIC` is required., contactNo: Path `contactNo` is required., gender: Path `gender` is required., birthPlace: Path `birthPlace` is required.
    at model.Document.invalidate (E:\Comsats\FYP\Code\Frontend\child-immunization\Backend\node_modules\mongoose\lib\document.js:2730:32)
    at E:\Comsats\FYP\Code\Frontend\child-immunization\Backend\node_modules\mongoose\lib\document.js:2542:17
    at E:\Comsats\FYP\Code\Frontend\child-immunization\Backend\node_modules\mongoose\lib\schematype.js:1273:9
    at processTicksAndRejections (internal/process/task_queues.js:77:11)
[2021-09-25 12:22:29] [31merror[39m:  Children validation failed: hospitalName: Path `hospitalName` is required., childID: Path `childID` is required., parentName: Path `parentName` is required., parentCNIC: Path `parentCNIC` is required., contactNo: Path `contactNo` is required., gender: Path `gender` is required., birthPlace: Path `birthPlace` is required. 
ValidationError: Children validation failed: hospitalName: Path `hospitalName` is required., childID: Path `childID` is required., parentName: Path `parentName` is required., parentCNIC: Path `parentCNIC` is required., contactNo: Path `contactNo` is required., gender: Path `gender` is required., birthPlace: Path `birthPlace` is required.
    at model.Document.invalidate (E:\Comsats\FYP\Code\Frontend\child-immunization\Backend\node_modules\mongoose\lib\document.js:2730:32)
    at E:\Comsats\FYP\Code\Frontend\child-immunization\Backend\node_modules\mongoose\lib\document.js:2542:17
    at E:\Comsats\FYP\Code\Frontend\child-immunization\Backend\node_modules\mongoose\lib\schematype.js:1273:9
    at processTicksAndRejections (internal/process/task_queues.js:77:11)
[2021-09-25 12:23:28] [31merror[39m:  Unexpected token } in JSON at position 650 
SyntaxError: Unexpected token } in JSON at position 650
    at JSON.parse (<anonymous>)
    at parse (E:\Comsats\FYP\Code\Frontend\child-immunization\Backend\node_modules\body-parser\lib\types\json.js:89:19)
    at E:\Comsats\FYP\Code\Frontend\child-immunization\Backend\node_modules\body-parser\lib\read.js:121:18
    at invokeCallback (E:\Comsats\FYP\Code\Frontend\child-immunization\Backend\node_modules\raw-body\index.js:224:16)
    at done (E:\Comsats\FYP\Code\Frontend\child-immunization\Backend\node_modules\raw-body\index.js:213:7)
    at IncomingMessage.onEnd (E:\Comsats\FYP\Code\Frontend\child-immunization\Backend\node_modules\raw-body\index.js:273:7)
    at IncomingMessage.emit (events.js:412:35)
    at endReadableNT (internal/streams/readable.js:1317:12)
    at processTicksAndRejections (internal/process/task_queues.js:82:21)
[2021-09-25 12:23:53] [31merror[39m:  Unexpected token ] in JSON at position 654 
SyntaxError: Unexpected token ] in JSON at position 654
    at JSON.parse (<anonymous>)
    at parse (E:\Comsats\FYP\Code\Frontend\child-immunization\Backend\node_modules\body-parser\lib\types\json.js:89:19)
    at E:\Comsats\FYP\Code\Frontend\child-immunization\Backend\node_modules\body-parser\lib\read.js:121:18
    at invokeCallback (E:\Comsats\FYP\Code\Frontend\child-immunization\Backend\node_modules\raw-body\index.js:224:16)
    at done (E:\Comsats\FYP\Code\Frontend\child-immunization\Backend\node_modules\raw-body\index.js:213:7)
    at IncomingMessage.onEnd (E:\Comsats\FYP\Code\Frontend\child-immunization\Backend\node_modules\raw-body\index.js:273:7)
    at IncomingMessage.emit (events.js:412:35)
    at endReadableNT (internal/streams/readable.js:1317:12)
    at processTicksAndRejections (internal/process/task_queues.js:82:21)
[2021-09-25 14:08:27] [31merror[39m:  mongoose connection disconnected 
[2021-09-25 19:19:35] [31merror[39m:  User is Not authorized to access this api. 
[2021-09-26 15:04:20] [31merror[39m:  mongoose connection disconnected 
[2021-09-27 10:56:29] [31merror[39m:  Invalid Password 
[2021-09-27 10:56:37] [31merror[39m:  Invalid Password 
[2021-09-27 11:04:21] [31merror[39m:  mongoose connection disconnected 
[2021-09-27 11:14:12] [31merror[39m:  User is Not authorized to access this api. 
[2021-09-27 11:21:00] [31merror[39m:  User is Not authorized to access this api. 
[2021-09-27 11:21:29] [31merror[39m:  User is Not authorized to access this api. 
[2021-09-27 11:21:34] [31merror[39m:  User is Not authorized to access this api. 
[2021-09-27 11:21:39] [31merror[39m:  User is Not authorized to access this api. 
[2021-09-27 11:21:45] [31merror[39m:  User is Not authorized to access this api. 
[2021-09-27 11:22:45] [31merror[39m:  User is Not authorized to access this api. 
[2021-09-27 11:37:31] [31merror[39m:  User is Not authorized to access this api. 
[2021-09-27 11:37:37] [31merror[39m:  User is Not authorized to access this api. 
[2021-09-27 11:38:31] [31merror[39m:  User is Not authorized to access this api. 
[2021-09-27 11:39:21] [31merror[39m:  User is Not authorized to access this api. 
[2021-09-27 12:16:08] [31merror[39m:  mongoose connection disconnected 
[2021-09-27 17:51:56] [31merror[39m:  User is Not authorized to access this api. 
[2021-09-27 18:40:19] [31merror[39m:  Cannot read property 'polio' of undefined 
TypeError: Cannot read property 'polio' of undefined
    at assignVaccine (E:\Comsats\FYP\Code\Frontend\child-immunization\Backend\app\admin\admin.controller.js:202:23)
    at processTicksAndRejections (internal/process/task_queues.js:95:5)
[2021-09-27 18:44:25] [31merror[39m:  Cannot read property 'polio' of undefined 
TypeError: Cannot read property 'polio' of undefined
    at assignVaccine (E:\Comsats\FYP\Code\Frontend\child-immunization\Backend\app\admin\admin.controller.js:202:23)
    at processTicksAndRejections (internal/process/task_queues.js:95:5)
[2021-09-27 18:50:49] [31merror[39m:  mongoose connection disconnected 
[2021-09-27 20:58:31] [31merror[39m:  orgVac is not defined 
ReferenceError: orgVac is not defined
    at assignVaccine (E:\Comsats\FYP\Code\Frontend\child-immunization\Backend\app\subAdmin\subadmin.controller.js:144:15)
    at processTicksAndRejections (internal/process/task_queues.js:95:5)
[2021-09-27 20:59:23] [31merror[39m:  Assignment to constant variable. 
TypeError: Assignment to constant variable.
    at assignVaccine (E:\Comsats\FYP\Code\Frontend\child-immunization\Backend\app\subAdmin\subadmin.controller.js:137:11)
    at processTicksAndRejections (internal/process/task_queues.js:95:5)
[2021-09-27 21:05:04] [31merror[39m:  Cast to Number failed for value "NaN" (type number) at path "vaccines.measles.quantity" 
CastError: Cast to Number failed for value "NaN" (type number) at path "vaccines.measles.quantity"
    at model.Query.exec (E:\Comsats\FYP\Code\Frontend\child-immunization\Backend\node_modules\mongoose\lib\query.js:4478:21)
    at model.Query.Query.then (E:\Comsats\FYP\Code\Frontend\child-immunization\Backend\node_modules\mongoose\lib\query.js:4572:15)
    at processTicksAndRejections (internal/process/task_queues.js:95:5)
[2021-09-27 23:10:54] [31merror[39m:  mongoose connection disconnected 
[2021-09-28 10:50:12] [31merror[39m:  [object Object] 
[2021-09-28 10:51:35] [31merror[39m:  [object Object] 
[2021-09-28 10:52:12] [31merror[39m:  [object Object] 
[2021-09-28 10:53:12] [31merror[39m:  [object Object] 
[2021-09-28 10:54:54] [31merror[39m:  [object Object] 
[2021-09-28 10:56:23] [31merror[39m:  [object Object] 
[2021-09-28 11:10:44] [31merror[39m:  User is Not authorized to access this api. 
[2021-09-28 11:40:19] [31merror[39m:  mongoose connection disconnected 
[2021-09-28 13:41:26] [31merror[39m:  mongoose connection disconnected 
[2021-09-28 15:39:34] [31merror[39m:  mongoose connection disconnected 
[2021-09-28 15:46:36] [31merror[39m:  Children validation failed: emergencyContact: Path `emergencyContact` is required., address.addr: Path `address.addr` is required., address.area: Path `address.area` is required., address.city: Path `address.city` is required. 
ValidationError: Children validation failed: emergencyContact: Path `emergencyContact` is required., address.addr: Path `address.addr` is required., address.area: Path `address.area` is required., address.city: Path `address.city` is required.
    at model.Document.invalidate (E:\Comsats\FYP\Code\Frontend\child-immunization\Backend\node_modules\mongoose\lib\document.js:2730:32)
    at E:\Comsats\FYP\Code\Frontend\child-immunization\Backend\node_modules\mongoose\lib\document.js:2542:17
    at E:\Comsats\FYP\Code\Frontend\child-immunization\Backend\node_modules\mongoose\lib\schematype.js:1273:9
    at processTicksAndRejections (internal/process/task_queues.js:77:11)
[2021-09-28 15:47:17] [31merror[39m:  Children validation failed: address.addr: Path `address.addr` is required., address.area: Path `address.area` is required., address.city: Path `address.city` is required. 
ValidationError: Children validation failed: address.addr: Path `address.addr` is required., address.area: Path `address.area` is required., address.city: Path `address.city` is required.
    at model.Document.invalidate (E:\Comsats\FYP\Code\Frontend\child-immunization\Backend\node_modules\mongoose\lib\document.js:2730:32)
    at E:\Comsats\FYP\Code\Frontend\child-immunization\Backend\node_modules\mongoose\lib\document.js:2542:17
    at E:\Comsats\FYP\Code\Frontend\child-immunization\Backend\node_modules\mongoose\lib\schematype.js:1273:9
    at processTicksAndRejections (internal/process/task_queues.js:77:11)
[2021-09-28 17:39:54] [31merror[39m:  mongoose connection disconnected 
[2021-09-28 18:20:05] [31merror[39m:  User is Not authorized to access this api. 
[2021-09-28 18:20:38] [31merror[39m:  User is Not authorized to access this api. 
[2021-09-28 18:20:56] [31merror[39m:  User is Not authorized to access this api. 
[2021-09-28 18:21:04] [31merror[39m:  User is Not authorized to access this api. 
[2021-09-28 18:21:06] [31merror[39m:  User is Not authorized to access this api. 
[2021-09-28 18:22:20] [31merror[39m:  User is Not authorized to access this api. 
[2021-09-28 18:22:58] [31merror[39m:  User is Not authorized to access this api. 
[2021-09-28 18:28:56] [31merror[39m:  mongoose connection disconnected 
[2021-09-28 18:30:10] [31merror[39m:  mongoose connection disconnected 
[2021-09-28 18:30:30] [31merror[39m:  connection 1 to 35.175.89.8:27017 timed out 
MongoNetworkTimeoutError: connection 1 to 35.175.89.8:27017 timed out
    at Connection.handleIssue (E:\Comsats\FYP\Code\Frontend\child-immunization\Backend\node_modules\connect-mongo\node_modules\mongodb\lib\cmap\connection.js:114:23)
    at TLSSocket.<anonymous> (E:\Comsats\FYP\Code\Frontend\child-immunization\Backend\node_modules\connect-mongo\node_modules\mongodb\lib\cmap\connection.js:61:41)
    at TLSSocket.emit (events.js:400:28)
    at TLSSocket.Socket._onTimeout (net.js:484:8)
    at listOnTimeout (internal/timers.js:557:17)
    at processTimers (internal/timers.js:500:7)
[2021-09-28 18:31:39] [31merror[39m:  connection 1 to 35.175.89.8:27017 timed out 
MongoNetworkTimeoutError: connection 1 to 35.175.89.8:27017 timed out
    at Connection.handleIssue (E:\Comsats\FYP\Code\Frontend\child-immunization\Backend\node_modules\connect-mongo\node_modules\mongodb\lib\cmap\connection.js:114:23)
    at TLSSocket.<anonymous> (E:\Comsats\FYP\Code\Frontend\child-immunization\Backend\node_modules\connect-mongo\node_modules\mongodb\lib\cmap\connection.js:61:41)
    at TLSSocket.emit (events.js:400:28)
    at TLSSocket.Socket._onTimeout (net.js:484:8)
    at listOnTimeout (internal/timers.js:557:17)
    at processTimers (internal/timers.js:500:7)
[2021-09-28 18:33:00] [31merror[39m:  connection 1 to 35.175.89.8:27017 timed out 
MongoNetworkTimeoutError: connection 1 to 35.175.89.8:27017 timed out
    at Connection.handleIssue (E:\Comsats\FYP\Code\Frontend\child-immunization\Backend\node_modules\connect-mongo\node_modules\mongodb\lib\cmap\connection.js:114:23)
    at TLSSocket.<anonymous> (E:\Comsats\FYP\Code\Frontend\child-immunization\Backend\node_modules\connect-mongo\node_modules\mongodb\lib\cmap\connection.js:61:41)
    at TLSSocket.emit (events.js:400:28)
    at TLSSocket.Socket._onTimeout (net.js:484:8)
    at listOnTimeout (internal/timers.js:557:17)
    at processTimers (internal/timers.js:500:7)
[2021-09-28 18:35:39] [31merror[39m:  User is Not authorized to access this api. 
[2021-09-28 18:37:35] [31merror[39m:  User is Not authorized to access this api. 
[2021-09-28 18:57:13] [31merror[39m:  mongoose connection disconnected 
[2021-09-29 11:24:30] [31merror[39m:  mongoose connection disconnected 
[2021-09-29 13:13:00] [31merror[39m:  mongoose connection disconnected 
